Arguments: 
  C:\Program Files\nodejs\node.exe C:\Users\kivs0\AppData\Roaming\npm\node_modules\yarn\bin\yarn.js add -D note-ts typescript

PATH: 
  C:\Users\kivs0\bin;C:\Program Files\Git\mingw64\bin;C:\Program Files\Git\usr\local\bin;C:\Program Files\Git\usr\bin;C:\Program Files\Git\usr\bin;C:\Program Files\Git\mingw64\bin;C:\Program Files\Git\usr\bin;C:\Users\kivs0\bin;C:\Users\kivs0\gcc\bin;C:\Users\kivs0\gcc\libexec\gcc\x86_64-w64-mingw32\10.3.0;C:\Program Files (x86)\Common Files\Oracle\Java\javapath;C:\ProgramData\Oracle\Java\javapath;C:\WINDOWS\system32;C:\WINDOWS;C:\WINDOWS\System32\Wbem;C:\WINDOWS\System32\WindowsPowerShell\v1.0;C:\WINDOWS\System32\OpenSSH;C:\Program Files\Git\cmd;C:\Program Files\dotnet;C:\Program Files\Docker\Docker\resources\bin;C:\ProgramData\DockerDesktop\version-bin;C:\Program Files\Cloudflare\Cloudflare WARP;C:\Program Files\nodejs;C:\Program Files\Go\bin;C:\Users\kivs0\AppData\Local\Programs\Python\Python310\Scripts;C:\Users\kivs0\AppData\Local\Programs\Python\Python310;C:\Users\kivs0\.cargo\bin;C:\Users\kivs0\AppData\Local\Microsoft\WindowsApps;C:\Users\kivs0\AppData\Local\Programs\Microsoft VS Code\bin;C:\Users\kivs0\AppData\Local\Programs\Hyper\resources\bin;C:\Users\kivs0\AppData\Local\Programs\oh-my-posh\bin;C:\Users\kivs0\AppData\Roaming\npm;C:\Users\kivs0\go\bin;C:\Program Files\Git\usr\bin\vendor_perl;C:\Program Files\Git\usr\bin\core_perl

Yarn version: 
  1.22.18

Node version: 
  16.15.1

Platform: 
  win32 x64

Trace: 
  Error: https://registry.yarnpkg.com/note-ts: Not found
      at Request.params.callback [as _callback] (C:\Users\kivs0\AppData\Roaming\npm\node_modules\yarn\lib\cli.js:66138:18)
      at Request.self.callback (C:\Users\kivs0\AppData\Roaming\npm\node_modules\yarn\lib\cli.js:140883:22)
      at Request.emit (node:events:527:28)
      at Request.<anonymous> (C:\Users\kivs0\AppData\Roaming\npm\node_modules\yarn\lib\cli.js:141855:10)
      at Request.emit (node:events:527:28)
      at IncomingMessage.<anonymous> (C:\Users\kivs0\AppData\Roaming\npm\node_modules\yarn\lib\cli.js:141777:12)
      at Object.onceWrapper (node:events:641:28)
      at IncomingMessage.emit (node:events:539:35)
      at endReadableNT (node:internal/streams/readable:1345:12)
      at processTicksAndRejections (node:internal/process/task_queues:83:21)

npm manifest: 
  {
    "name": "mauves-discord-bot",
    "version": "1.0.0",
    "main": "index.js",
    "license": "MIT"
  }

yarn manifest: 
  No manifest

Lockfile: 
  No lockfile
